/*C4*/SET SCHEMA PUBLIC
DISCONNECT
/*C5*/SET SCHEMA PUBLIC
CREATE TABLE TechnologyTrends (\u000a    ID INT PRIMARY KEY,\u000a    Name VARCHAR(50),\u000a    Type VARCHAR(50),\u000a    Company VARCHAR(50),\u000a    Category VARCHAR(50),\u000a    Year INT,\u000a    Cost DECIMAL(10,2)\u000a)
INSERT INTO TECHNOLOGYTRENDS VALUES(1,'The Egg','Power bank','Enron','Sustainability',2025,19000.00)
COMMIT
INSERT INTO TECHNOLOGYTRENDS VALUES(2,'Smart lock','Device','Lockly','IOT',2025,230.00)
COMMIT
INSERT INTO TECHNOLOGYTRENDS VALUES(3,'Atto 3','Electric Car','BYD','Sustainability',2024,36000.00)
COMMIT
INSERT INTO TECHNOLOGYTRENDS VALUES(4,'Neo','Drone','DJI','Robotics',2024,200.00)
COMMIT
INSERT INTO TECHNOLOGYTRENDS VALUES(5,'Bixby','Software update','Samsung','AI',2025,0.00)
COMMIT
drop table technologytrends\u000a
CREATE TABLE TechnologyProducts (\u000a    ID INT PRIMARY KEY,\u000a    Name VARCHAR(50),\u000a    Type VARCHAR(50),\u000a    Company VARCHAR(50),\u000a    Year INT,\u000a    Cost DECIMAL(10,2)\u000a)
CREATE TABLE ProductCategories (\u000a    ID INT PRIMARY KEY,\u000a    Category VARCHAR(50),\u000a    FOREIGN KEY (ID) REFERENCES TechnologyProducts(ID)\u000a)
INSERT INTO TECHNOLOGYPRODUCTS VALUES(1,'The Egg','Power bank','Enron',2025,19000.00)
INSERT INTO TECHNOLOGYPRODUCTS VALUES(2,'Smart lock','Device','Lockly',2025,230.00)
INSERT INTO TECHNOLOGYPRODUCTS VALUES(3,'Atto 3','Electric Car','BYD',2024,36000.00)
INSERT INTO TECHNOLOGYPRODUCTS VALUES(4,'Neo','Drone','DJI',2024,200.00)
INSERT INTO TECHNOLOGYPRODUCTS VALUES(5,'Bixby','Software update','Samsung',2025,0.00)
COMMIT
INSERT INTO PRODUCTCATEGORIES VALUES(1,'Sustainability')
INSERT INTO PRODUCTCATEGORIES VALUES(2,'IOT')
INSERT INTO PRODUCTCATEGORIES VALUES(3,'Sustainability')
INSERT INTO PRODUCTCATEGORIES VALUES(4,'Robotics')
INSERT INTO PRODUCTCATEGORIES VALUES(5,'AI')
COMMIT
drop table PRODUCTCATEGORIES
drop table TECHNOLOGYPRODUCTs
CREATE TABLE Categories (\u000a    CategoryID INT PRIMARY KEY,\u000a    CategoryName VARCHAR(50)\u000a)
INSERT INTO CATEGORIES VALUES(1,'Sustainability')
INSERT INTO CATEGORIES VALUES(2,'IOT')
INSERT INTO CATEGORIES VALUES(3,'Robotics')
INSERT INTO CATEGORIES VALUES(4,'AI')
COMMIT
CREATE TABLE TechnologyProducts (\u000a    ProductID INT PRIMARY KEY,\u000a    Name VARCHAR(50),\u000a    Type VARCHAR(50),\u000a    CategoryID INT,\u000a    Year INT,\u000a    Cost DECIMAL(10,2),\u000a    FOREIGN KEY (CategoryID) REFERENCES Categories(CategoryID)\u000a)
INSERT INTO TECHNOLOGYPRODUCTS VALUES(1,'The Egg','Power bank',1,2025,19000.00)
INSERT INTO TECHNOLOGYPRODUCTS VALUES(2,'Smart lock','Device',2,2025,230.00)
INSERT INTO TECHNOLOGYPRODUCTS VALUES(3,'Atto 3','Electric Car',1,2024,36000.00)
INSERT INTO TECHNOLOGYPRODUCTS VALUES(4,'Neo','Drone',3,2024,200.00)
INSERT INTO TECHNOLOGYPRODUCTS VALUES(5,'Bixby','Software update',4,2025,0.00)
COMMIT
CREATE TABLE Companies (\u000a    CompanyID INT PRIMARY KEY,\u000a    CompanyName VARCHAR(50),\u000a    Years INT,\u000a    ProductID INT,\u000a    FOREIGN KEY (ProductID) REFERENCES TechnologyProducts(ProductID)\u000a)
INSERT INTO COMPANIES VALUES(1,'Enron',40,1)
INSERT INTO COMPANIES VALUES(2,'Lockly',11,2)
INSERT INTO COMPANIES VALUES(3,'BYD',30,3)
INSERT INTO COMPANIES VALUES(4,'DJI',19,4)
INSERT INTO COMPANIES VALUES(5,'Samsung',87,5)
COMMIT
DISCONNECT
